<?xml version="1.0" encoding="UTF-8"?>
<!-- Generated by org.testng.reporters.JUnitXMLReporter -->
<testsuite hostname="Sai" ignored="0" name="Test" tests="5" failures="1" timestamp="12 Nov 2021 17:22:31 GMT" time="42.615" errors="0">
  <testcase name="verifyTitle" time="0.017" classname="com.jbk.Test.DownloadsPageTest"/>
  <testcase name="emailEndsWith1" time="0.447" classname="com.jbk.Test.UsersPageTest">
    <failure type="java.lang.AssertionError" message="Lists differ at element [1]: sagar@javabykiran.com != sagar@gmail.com expected [sagar@javabykiran.com] but found [sagar@gmail.com]">
      <![CDATA[java.lang.AssertionError: Lists differ at element [1]: sagar@javabykiran.com != sagar@gmail.com expected [sagar@javabykiran.com] but found [sagar@gmail.com]at com.jbk.Test.UsersPageTest.emailEndsWith1(UsersPageTest.java:41)... Removed 30 stack frames]]>
    </failure>
  </testcase> <!-- emailEndsWith1 -->
  <testcase name="registrationPage" time="0.944" classname="com.jbk.Test.LoginTest"/>
  <testcase name="registrationPage" time="1.745" classname="com.jbk.Test.LoginTest"/>
  <testcase name="registrationPage" time="0.793" classname="com.jbk.Test.LoginTest"/>
</testsuite> <!-- Test -->
