<?xml version="1.0" encoding="UTF-8"?>
<!-- Generated by org.testng.reporters.JUnitXMLReporter -->
<testsuite hostname="Sai" ignored="0" name="Default test" tests="6" failures="0" timestamp="12 Nov 2021 17:37:29 GMT" time="45.631" errors="0">
  <testcase name="goBtn1Click" time="0.105" classname="com.jbk.Test.UsefulLinksPageTest"/>
  <testcase name="goBtn2Click" time="0.099" classname="com.jbk.Test.UsefulLinksPageTest"/>
  <testcase name="goBtn3Click" time="0.095" classname="com.jbk.Test.UsefulLinksPageTest"/>
  <testcase name="goBtn4Click" time="0.097" classname="com.jbk.Test.UsefulLinksPageTest"/>
  <testcase name="goBtn5Click" time="0.098" classname="com.jbk.Test.UsefulLinksPageTest"/>
  <testcase name="goBtn6Click" time="0.098" classname="com.jbk.Test.UsefulLinksPageTest"/>
</testsuite> <!-- Default test -->
